2025-03-25 19:38:17 INFORMAÇÕES - Oracle SQL Developer Data Modeler 19.4.0.350.1424
2025-03-25 19:43:59 GRAVE - class oracle.dbtools.crest.fcp.startpage.DataModelerStartPageProvider
java.lang.NullPointerException
	at oracle.dbtools.crest.fcp.startpage.DataModelerStartPageProvider.appendDesignsList(DataModelerStartPageProvider.java:204)
	at oracle.dbtools.crest.fcp.startpage.DataModelerStartPageProvider.setDesignsDir(DataModelerStartPageProvider.java:184)
	at oracle.dbtools.crest.fcp.startpage.DataModelerStartPageProvider.lambda$null$3(DataModelerStartPageProvider.java:159)
	at com.sun.javafx.application.PlatformImpl.lambda$null$177(PlatformImpl.java:295)
	at java.security.AccessController.doPrivileged(Native Method)
	at com.sun.javafx.application.PlatformImpl.lambda$runLater$178(PlatformImpl.java:294)
	at com.sun.glass.ui.InvokeLaterDispatcher$Future.run(InvokeLaterDispatcher.java:95)
	at com.sun.glass.ui.win.WinApplication._runLoop(Native Method)
	at com.sun.glass.ui.win.WinApplication.lambda$null$152(WinApplication.java:177)
	at java.lang.Thread.run(Thread.java:748)
2025-03-25 19:52:49 INFORMAÇÕES - Oracle SQL Developer Data Modeler 19.4.0.350.1424
2025-04-01 17:23:45 INFORMAÇÕES - Oracle SQL Developer Data Modeler 19.4.0.350.1424
2025-05-08 19:51:23 INFORMAÇÕES - Oracle SQL Developer Data Modeler 19.4.0.350.1424
2025-05-08 19:53:01 GRAVE - Não é possível gravar o documento no arquivo: C:\Challenge.dmd
java.io.FileNotFoundException: C:\Challenge.dmd (O cliente não tem o privilégio necessário)
	at java.io.FileOutputStream.open0(Native Method)
	at java.io.FileOutputStream.open(FileOutputStream.java:270)
	at java.io.FileOutputStream.<init>(FileOutputStream.java:213)
	at java.io.FileOutputStream.<init>(FileOutputStream.java:162)
	at oracle.dbtools.crest.model.metadata.XMLTransformationManager.saveContentOfObject(XMLTransformationManager.java:4187)
	at oracle.dbtools.crest.model.metadata.XMLTransformationManager.saveObject(XMLTransformationManager.java:1684)
	at oracle.dbtools.crest.model.metadata.XMLTransformationManager.saveDesign(XMLTransformationManager.java:643)
	at oracle.dbtools.crest.model.design.Design.saveAll(Design.java:2426)
	at oracle.dbtools.crest.swingui.ControllerApplication.saveAll(ControllerApplication.java:4130)
	at oracle.dbtools.crest.swingui.ControllerApplication.saveAsDesign(ControllerApplication.java:3862)
	at oracle.dbtools.crest.swingui.ControllerApplication.access$6000(ControllerApplication.java:125)
	at oracle.dbtools.crest.swingui.ControllerApplication$SaveAll$1.run(ControllerApplication.java:2949)
2025-05-08 20:41:28 INFORMAÇÕES - Oracle SQL Developer Data Modeler 19.4.0.350.1424
2025-05-08 20:42:46 GRAVE - Não é possível gravar o documento no arquivo: C:\Modelo Logico.dmd
java.io.FileNotFoundException: C:\Modelo Logico.dmd (O cliente não tem o privilégio necessário)
	at java.io.FileOutputStream.open0(Native Method)
	at java.io.FileOutputStream.open(FileOutputStream.java:270)
	at java.io.FileOutputStream.<init>(FileOutputStream.java:213)
	at java.io.FileOutputStream.<init>(FileOutputStream.java:162)
	at oracle.dbtools.crest.model.metadata.XMLTransformationManager.saveContentOfObject(XMLTransformationManager.java:4187)
	at oracle.dbtools.crest.model.metadata.XMLTransformationManager.saveObject(XMLTransformationManager.java:1684)
	at oracle.dbtools.crest.model.metadata.XMLTransformationManager.saveDesign(XMLTransformationManager.java:643)
	at oracle.dbtools.crest.model.design.Design.saveAll(Design.java:2426)
	at oracle.dbtools.crest.swingui.ControllerApplication.saveAll(ControllerApplication.java:4130)
	at oracle.dbtools.crest.swingui.ControllerApplication.saveAsDesign(ControllerApplication.java:3862)
	at oracle.dbtools.crest.swingui.ControllerApplication.access$6000(ControllerApplication.java:125)
	at oracle.dbtools.crest.swingui.ControllerApplication$SaveAll$1.run(ControllerApplication.java:2949)
